2009/11/28 14:11:31 [error] [exception.CHttpException.404] exception 'CHttpException' with message 'Unable to resolve the request "admin".' in /home/ata/Project/DompetJebol/lib/yii/web/CWebApplication.php:314
Stack trace:
#0 /home/ata/Project/DompetJebol/lib/yii/web/CWebApplication.php(120): CWebApplication->runController('admin')
#1 /home/ata/Project/DompetJebol/lib/yii/base/CApplication.php(135): CWebApplication->processRequest()
#2 /home/ata/Project/DompetJebol/index.php(11): CApplication->run()
#3 {main} REQUEST_URI=/Project/DompetJebol/index.php?r=admin
2009/11/29 14:35:23 [error] [exception.CHttpException.404] exception 'CHttpException' with message 'Unable to resolve the request "psot".' in /home/ata/Project/DompetJebol/lib/yii/web/CWebApplication.php:314
Stack trace:
#0 /home/ata/Project/DompetJebol/lib/yii/web/CWebApplication.php(120): CWebApplication->runController('psot')
#1 /home/ata/Project/DompetJebol/lib/yii/base/CApplication.php(135): CWebApplication->processRequest()
#2 /home/ata/Project/DompetJebol/index.php(11): CApplication->run()
#3 {main} REQUEST_URI=/Project/DompetJebol/?r=psot
2009/11/29 15:08:32 [error] [php] Undefined variable: model (/home/ata/Project/DompetJebol/protected/views/site/register.php:9)
Stack trace:
#0 /home/ata/Project/DompetJebol/lib/yii/web/CController.php(706): SiteController->renderFile()
#1 /home/ata/Project/DompetJebol/lib/yii/web/CController.php(645): SiteController->renderPartial()
#2 /home/ata/Project/DompetJebol/protected/controllers/SiteController.php(87): SiteController->render()
#3 /home/ata/Project/DompetJebol/lib/yii/web/actions/CInlineAction.php(32): SiteController->actionRegister()
#4 /home/ata/Project/DompetJebol/lib/yii/web/CController.php(300): CInlineAction->run()
#5 /home/ata/Project/DompetJebol/lib/yii/web/CController.php(278): SiteController->runAction()
#6 /home/ata/Project/DompetJebol/lib/yii/web/CController.php(257): SiteController->runActionWithFilters()
#7 /home/ata/Project/DompetJebol/lib/yii/web/CWebApplication.php(310): SiteController->run()
#8 /home/ata/Project/DompetJebol/lib/yii/web/CWebApplication.php(120): CWebApplication->runController()
#9 /home/ata/Project/DompetJebol/lib/yii/base/CApplication.php(135): CWebApplication->processRequest()
#10 /home/ata/Project/DompetJebol/index.php(11): CWebApplication->run()
REQUEST_URI=/Project/DompetJebol/index.php?r=site/register
2009/11/29 15:09:01 [error] [php] Undefined variable: update (/home/ata/Project/DompetJebol/protected/views/site/register.php:32)
Stack trace:
#0 /home/ata/Project/DompetJebol/lib/yii/web/CController.php(706): SiteController->renderFile()
#1 /home/ata/Project/DompetJebol/lib/yii/web/CController.php(645): SiteController->renderPartial()
#2 /home/ata/Project/DompetJebol/protected/controllers/SiteController.php(87): SiteController->render()
#3 /home/ata/Project/DompetJebol/lib/yii/web/actions/CInlineAction.php(32): SiteController->actionRegister()
#4 /home/ata/Project/DompetJebol/lib/yii/web/CController.php(300): CInlineAction->run()
#5 /home/ata/Project/DompetJebol/lib/yii/web/CController.php(278): SiteController->runAction()
#6 /home/ata/Project/DompetJebol/lib/yii/web/CController.php(257): SiteController->runActionWithFilters()
#7 /home/ata/Project/DompetJebol/lib/yii/web/CWebApplication.php(310): SiteController->run()
#8 /home/ata/Project/DompetJebol/lib/yii/web/CWebApplication.php(120): CWebApplication->runController()
#9 /home/ata/Project/DompetJebol/lib/yii/base/CApplication.php(135): CWebApplication->processRequest()
#10 /home/ata/Project/DompetJebol/index.php(11): CWebApplication->run()
REQUEST_URI=/Project/DompetJebol/index.php?r=site/register
2009/11/29 15:33:06 [error] [exception.CException] exception 'CException' with message 'Property "SiteController.password" is not defined.' in /home/ata/Project/DompetJebol/lib/yii/base/CComponent.php:120
Stack trace:
#0 /home/ata/Project/DompetJebol/protected/controllers/SiteController.php(84): CComponent->__get('password')
#1 /home/ata/Project/DompetJebol/lib/yii/web/actions/CInlineAction.php(32): SiteController->actionRegister()
#2 /home/ata/Project/DompetJebol/lib/yii/web/CController.php(300): CInlineAction->run()
#3 /home/ata/Project/DompetJebol/lib/yii/web/CController.php(278): CController->runAction(Object(CInlineAction))
#4 /home/ata/Project/DompetJebol/lib/yii/web/CController.php(257): CController->runActionWithFilters(Object(CInlineAction), Array)
#5 /home/ata/Project/DompetJebol/lib/yii/web/CWebApplication.php(310): CController->run('register')
#6 /home/ata/Project/DompetJebol/lib/yii/web/CWebApplication.php(120): CWebApplication->runController('site/register')
#7 /home/ata/Project/DompetJebol/lib/yii/base/CApplication.php(135): CWebApplication->processRequest()
#8 /home/ata/Project/DompetJebol/index.php(11): CApplication->run()
#9 {main} REQUEST_URI=/Project/DompetJebol/index.php?r=site/register
2009/11/29 15:33:32 [error] [system.db.CDbCommand] Error in executing SQL: INSERT INTO `User` (`fullname`, `username`, `password`, `email`) VALUES (:yp0, :yp1, :yp2, :yp3)
2009/11/29 15:33:32 [error] [exception.CDbException] exception 'CDbException' with message 'CDbCommand failed to execute the SQL statement: SQLSTATE[23000]: Integrity constraint violation: 1062 Duplicate entry 'ata' for key 2INSERT INTO `User` (`fullname`, `username`, `password`, `email`) VALUES (:yp0, :yp1, :yp2, :yp3)' in /home/ata/Project/DompetJebol/lib/yii/db/CDbCommand.php:224
Stack trace:
#0 /home/ata/Project/DompetJebol/lib/yii/db/ar/CActiveRecord.php(1283): CDbCommand->execute()
#1 /home/ata/Project/DompetJebol/lib/yii/db/ar/CActiveRecord.php(1040): CActiveRecord->insert(NULL)
#2 /home/ata/Project/DompetJebol/protected/controllers/SiteController.php(85): CActiveRecord->save()
#3 /home/ata/Project/DompetJebol/lib/yii/web/actions/CInlineAction.php(32): SiteController->actionRegister()
#4 /home/ata/Project/DompetJebol/lib/yii/web/CController.php(300): CInlineAction->run()
#5 /home/ata/Project/DompetJebol/lib/yii/web/CController.php(278): CController->runAction(Object(CInlineAction))
#6 /home/ata/Project/DompetJebol/lib/yii/web/CController.php(257): CController->runActionWithFilters(Object(CInlineAction), Array)
#7 /home/ata/Project/DompetJebol/lib/yii/web/CWebApplication.php(310): CController->run('register')
#8 /home/ata/Project/DompetJebol/lib/yii/web/CWebApplication.php(120): CWebApplication->runController('site/register')
#9 /home/ata/Project/DompetJebol/lib/yii/base/CApplication.php(135): CWebApplication->processRequest()
#10 /home/ata/Project/DompetJebol/index.php(11): CApplication->run()
#11 {main} REQUEST_URI=/Project/DompetJebol/index.php?r=site/register
2009/11/29 15:34:09 [error] [php] Undefined variable: user (/home/ata/Project/DompetJebol/protected/controllers/SiteController.php:94)
Stack trace:
#0 /home/ata/Project/DompetJebol/lib/yii/web/CController.php(278): SiteController->runAction()
#1 /home/ata/Project/DompetJebol/lib/yii/web/CController.php(257): SiteController->runActionWithFilters()
#2 /home/ata/Project/DompetJebol/lib/yii/web/CWebApplication.php(310): SiteController->run()
#3 /home/ata/Project/DompetJebol/lib/yii/web/CWebApplication.php(120): CWebApplication->runController()
#4 /home/ata/Project/DompetJebol/lib/yii/base/CApplication.php(135): CWebApplication->processRequest()
#5 /home/ata/Project/DompetJebol/index.php(11): CWebApplication->run()
REQUEST_URI=/Project/DompetJebol/index.php?r=site/registerSuccess&id=3
2009/11/29 15:41:03 [error] [php] Undefined variable: user (/home/ata/Project/DompetJebol/protected/controllers/SiteController.php:95)
Stack trace:
#0 /home/ata/Project/DompetJebol/lib/yii/web/CController.php(278): SiteController->runAction()
#1 /home/ata/Project/DompetJebol/lib/yii/web/CController.php(257): SiteController->runActionWithFilters()
#2 /home/ata/Project/DompetJebol/lib/yii/web/CWebApplication.php(310): SiteController->run()
#3 /home/ata/Project/DompetJebol/lib/yii/web/CWebApplication.php(120): CWebApplication->runController()
#4 /home/ata/Project/DompetJebol/lib/yii/base/CApplication.php(135): CWebApplication->processRequest()
#5 /home/ata/Project/DompetJebol/index.php(11): CWebApplication->run()
REQUEST_URI=/Project/DompetJebol/index.php?r=site/registerSuccess&id=4
2009/11/29 15:45:58 [error] [php] Undefined variable: user (/home/ata/Project/DompetJebol/protected/controllers/SiteController.php:97)
Stack trace:
#0 /home/ata/Project/DompetJebol/lib/yii/web/CController.php(278): SiteController->runAction()
#1 /home/ata/Project/DompetJebol/lib/yii/web/CController.php(257): SiteController->runActionWithFilters()
#2 /home/ata/Project/DompetJebol/lib/yii/web/CWebApplication.php(310): SiteController->run()
#3 /home/ata/Project/DompetJebol/lib/yii/web/CWebApplication.php(120): CWebApplication->runController()
#4 /home/ata/Project/DompetJebol/lib/yii/base/CApplication.php(135): CWebApplication->processRequest()
#5 /home/ata/Project/DompetJebol/index.php(11): CWebApplication->run()
REQUEST_URI=/Project/DompetJebol/index.php?r=site/registerSuccess&id=5
2009/11/29 15:53:46 [error] [php] Undefined variable: user (/home/ata/Project/DompetJebol/protected/controllers/SiteController.php:96)
Stack trace:
#0 /home/ata/Project/DompetJebol/lib/yii/web/CController.php(278): SiteController->runAction()
#1 /home/ata/Project/DompetJebol/lib/yii/web/CController.php(257): SiteController->runActionWithFilters()
#2 /home/ata/Project/DompetJebol/lib/yii/web/CWebApplication.php(310): SiteController->run()
#3 /home/ata/Project/DompetJebol/lib/yii/web/CWebApplication.php(120): CWebApplication->runController()
#4 /home/ata/Project/DompetJebol/lib/yii/base/CApplication.php(135): CWebApplication->processRequest()
#5 /home/ata/Project/DompetJebol/index.php(11): CWebApplication->run()
REQUEST_URI=/Project/DompetJebol/index.php?r=site/registerSuccess&id=1
2009/11/29 15:54:22 [error] [system.db.CDbCommand] Error in querying SQL: SELECT * FROM `User` WHERE LOWER(username) = ? AND password = ? AND verify = 1 LIMIT 1
2009/11/29 15:54:22 [error] [exception.CDbException] exception 'CDbException' with message 'CDbCommand failed to execute the SQL statement: SQLSTATE[42S22]: Column not found: 1054 Unknown column 'verify' in 'where clause'' in /home/ata/Project/DompetJebol/lib/yii/db/CDbCommand.php:372
Stack trace:
#0 /home/ata/Project/DompetJebol/lib/yii/db/CDbCommand.php(281): CDbCommand->queryInternal('fetch', 2, Array)
#1 /home/ata/Project/DompetJebol/lib/yii/db/ar/CActiveRecord.php(1451): CDbCommand->queryRow()
#2 /home/ata/Project/DompetJebol/lib/yii/db/ar/CActiveRecord.php(1480): CActiveRecord->query(Object(CDbCriteria))
#3 /home/ata/Project/DompetJebol/protected/components/UserIdentity.php(28): CActiveRecord->find('LOWER(username)...', Array)
#4 /home/ata/Project/DompetJebol/protected/models/LoginForm.php(48): UserIdentity->authenticate()
#5 /home/ata/Project/DompetJebol/lib/yii/validators/CInlineValidator.php(39): LoginForm->authenticate('password', Array)
#6 /home/ata/Project/DompetJebol/lib/yii/validators/CValidator.php(163): CInlineValidator->validateAttribute(Object(LoginForm), 'password')
#7 /home/ata/Project/DompetJebol/lib/yii/base/CModel.php(187): CValidator->validate(Object(LoginForm), NULL)
#8 /home/ata/Project/DompetJebol/protected/controllers/SiteController.php(62): CModel->validate()
#9 /home/ata/Project/DompetJebol/lib/yii/web/actions/CInlineAction.php(32): SiteController->actionLogin()
#10 /home/ata/Project/DompetJebol/lib/yii/web/CController.php(300): CInlineAction->run()
#11 /home/ata/Project/DompetJebol/lib/yii/web/CController.php(278): CController->runAction(Object(CInlineAction))
#12 /home/ata/Project/DompetJebol/lib/yii/web/CController.php(257): CController->runActionWithFilters(Object(CInlineAction), Array)
#13 /home/ata/Project/DompetJebol/lib/yii/web/CWebApplication.php(310): CController->run('login')
#14 /home/ata/Project/DompetJebol/lib/yii/web/CWebApplication.php(120): CWebApplication->runController('site/login')
#15 /home/ata/Project/DompetJebol/lib/yii/base/CApplication.php(135): CWebApplication->processRequest()
#16 /home/ata/Project/DompetJebol/index.php(11): CApplication->run()
#17 {main} REQUEST_URI=/Project/DompetJebol/index.php?r=site/login
2009/11/29 15:56:06 [error] [exception.CHttpException.404] exception 'CHttpException' with message 'The system is unable to find the requested action "register".' in /home/ata/Project/DompetJebol/lib/yii/web/CController.php:439
Stack trace:
#0 /home/ata/Project/DompetJebol/lib/yii/web/CController.php(262): CController->missingAction('register')
#1 /home/ata/Project/DompetJebol/lib/yii/web/CWebApplication.php(310): CController->run('register')
#2 /home/ata/Project/DompetJebol/lib/yii/web/CWebApplication.php(120): CWebApplication->runController('user/register')
#3 /home/ata/Project/DompetJebol/lib/yii/base/CApplication.php(135): CWebApplication->processRequest()
#4 /home/ata/Project/DompetJebol/index.php(11): CApplication->run()
#5 {main} REQUEST_URI=/Project/DompetJebol/index.php?r=user/register
2009/11/29 15:56:49 [error] [exception.CHttpException.403] exception 'CHttpException' with message 'You are not authorized to perform this action.' in /home/ata/Project/DompetJebol/lib/yii/web/auth/CAccessControlFilter.php:123
Stack trace:
#0 /home/ata/Project/DompetJebol/lib/yii/web/auth/CAccessControlFilter.php(104): CAccessControlFilter->accessDenied(Object(CWebUser))
#1 /home/ata/Project/DompetJebol/lib/yii/web/filters/CFilter.php(39): CAccessControlFilter->preFilter(Object(CFilterChain))
#2 /home/ata/Project/DompetJebol/lib/yii/web/CController.php(957): CFilter->filter(Object(CFilterChain))
#3 /home/ata/Project/DompetJebol/lib/yii/web/filters/CInlineFilter.php(59): CController->filterAccessControl(Object(CFilterChain))
#4 /home/ata/Project/DompetJebol/lib/yii/web/filters/CFilterChain.php(126): CInlineFilter->filter(Object(CFilterChain))
#5 /home/ata/Project/DompetJebol/lib/yii/web/CController.php(283): CFilterChain->run()
#6 /home/ata/Project/DompetJebol/lib/yii/web/CController.php(257): CController->runActionWithFilters(Object(CInlineAction), Array)
#7 /home/ata/Project/DompetJebol/lib/yii/web/CWebApplication.php(310): CController->run('register')
#8 /home/ata/Project/DompetJebol/lib/yii/web/CWebApplication.php(120): CWebApplication->runController('user/register')
#9 /home/ata/Project/DompetJebol/lib/yii/base/CApplication.php(135): CWebApplication->processRequest()
#10 /home/ata/Project/DompetJebol/index.php(11): CApplication->run()
#11 {main} REQUEST_URI=/Project/DompetJebol/index.php?r=user/register
2009/11/29 15:57:26 [error] [exception.CException] exception 'CException' with message 'UserController cannot find the requested view "register".' in /home/ata/Project/DompetJebol/lib/yii/web/CController.php:715
Stack trace:
#0 /home/ata/Project/DompetJebol/lib/yii/web/CController.php(645): CController->renderPartial('register', NULL, true)
#1 /home/ata/Project/DompetJebol/protected/controllers/UserController.php(197): CController->render('register')
#2 /home/ata/Project/DompetJebol/lib/yii/web/actions/CInlineAction.php(32): UserController->actionRegister()
#3 /home/ata/Project/DompetJebol/lib/yii/web/CController.php(300): CInlineAction->run()
#4 /home/ata/Project/DompetJebol/lib/yii/web/filters/CFilterChain.php(129): CController->runAction(Object(CInlineAction))
#5 /home/ata/Project/DompetJebol/lib/yii/web/filters/CFilter.php(41): CFilterChain->run()
#6 /home/ata/Project/DompetJebol/lib/yii/web/CController.php(957): CFilter->filter(Object(CFilterChain))
#7 /home/ata/Project/DompetJebol/lib/yii/web/filters/CInlineFilter.php(59): CController->filterAccessControl(Object(CFilterChain))
#8 /home/ata/Project/DompetJebol/lib/yii/web/filters/CFilterChain.php(126): CInlineFilter->filter(Object(CFilterChain))
#9 /home/ata/Project/DompetJebol/lib/yii/web/CController.php(283): CFilterChain->run()
#10 /home/ata/Project/DompetJebol/lib/yii/web/CController.php(257): CController->runActionWithFilters(Object(CInlineAction), Array)
#11 /home/ata/Project/DompetJebol/lib/yii/web/CWebApplication.php(310): CController->run('register')
#12 /home/ata/Project/DompetJebol/lib/yii/web/CWebApplication.php(120): CWebApplication->runController('user/register')
#13 /home/ata/Project/DompetJebol/lib/yii/base/CApplication.php(135): CWebApplication->processRequest()
#14 /home/ata/Project/DompetJebol/index.php(11): CApplication->run()
#15 {main} REQUEST_URI=/Project/DompetJebol/index.php?r=user/register
2009/11/29 15:57:47 [error] [php] Undefined variable: user (/home/ata/Project/DompetJebol/protected/views/user/register.php:10)
Stack trace:
#0 /home/ata/Project/DompetJebol/lib/yii/web/CController.php(706): UserController->renderFile()
#1 /home/ata/Project/DompetJebol/lib/yii/web/CController.php(645): UserController->renderPartial()
#2 /home/ata/Project/DompetJebol/protected/controllers/UserController.php(197): UserController->render()
#3 /home/ata/Project/DompetJebol/lib/yii/web/actions/CInlineAction.php(32): UserController->actionRegister()
#4 /home/ata/Project/DompetJebol/lib/yii/web/CController.php(300): CInlineAction->run()
#5 /home/ata/Project/DompetJebol/lib/yii/web/filters/CFilterChain.php(129): UserController->runAction()
#6 /home/ata/Project/DompetJebol/lib/yii/web/filters/CFilter.php(41): CFilterChain->run()
#7 /home/ata/Project/DompetJebol/lib/yii/web/CController.php(957): CAccessControlFilter->filter()
#8 /home/ata/Project/DompetJebol/lib/yii/web/filters/CInlineFilter.php(59): UserController->filterAccessControl()
#9 /home/ata/Project/DompetJebol/lib/yii/web/filters/CFilterChain.php(126): CInlineFilter->filter()
#10 /home/ata/Project/DompetJebol/lib/yii/web/CController.php(283): CFilterChain->run()
#11 /home/ata/Project/DompetJebol/lib/yii/web/CController.php(257): UserController->runActionWithFilters()
#12 /home/ata/Project/DompetJebol/lib/yii/web/CWebApplication.php(310): UserController->run()
#13 /home/ata/Project/DompetJebol/lib/yii/web/CWebApplication.php(120): CWebApplication->runController()
#14 /home/ata/Project/DompetJebol/lib/yii/base/CApplication.php(135): CWebApplication->processRequest()
#15 /home/ata/Project/DompetJebol/index.php(11): CWebApplication->run()
REQUEST_URI=/Project/DompetJebol/index.php?r=user/register
2009/11/29 15:59:04 [error] [exception.CHttpException.403] exception 'CHttpException' with message 'You are not authorized to perform this action.' in /home/ata/Project/DompetJebol/lib/yii/web/auth/CAccessControlFilter.php:123
Stack trace:
#0 /home/ata/Project/DompetJebol/lib/yii/web/auth/CAccessControlFilter.php(104): CAccessControlFilter->accessDenied(Object(CWebUser))
#1 /home/ata/Project/DompetJebol/lib/yii/web/filters/CFilter.php(39): CAccessControlFilter->preFilter(Object(CFilterChain))
#2 /home/ata/Project/DompetJebol/lib/yii/web/CController.php(957): CFilter->filter(Object(CFilterChain))
#3 /home/ata/Project/DompetJebol/lib/yii/web/filters/CInlineFilter.php(59): CController->filterAccessControl(Object(CFilterChain))
#4 /home/ata/Project/DompetJebol/lib/yii/web/filters/CFilterChain.php(126): CInlineFilter->filter(Object(CFilterChain))
#5 /home/ata/Project/DompetJebol/lib/yii/web/CController.php(283): CFilterChain->run()
#6 /home/ata/Project/DompetJebol/lib/yii/web/CController.php(257): CController->runActionWithFilters(Object(CInlineAction), Array)
#7 /home/ata/Project/DompetJebol/lib/yii/web/CWebApplication.php(310): CController->run('registerSuccess')
#8 /home/ata/Project/DompetJebol/lib/yii/web/CWebApplication.php(120): CWebApplication->runController('user/registerSu...')
#9 /home/ata/Project/DompetJebol/lib/yii/base/CApplication.php(135): CWebApplication->processRequest()
#10 /home/ata/Project/DompetJebol/index.php(11): CApplication->run()
#11 {main} REQUEST_URI=/Project/DompetJebol/index.php?r=user/registerSuccess&id=1
2009/11/29 16:00:18 [error] [exception.CHttpException.403] exception 'CHttpException' with message 'You are not authorized to perform this action.' in /home/ata/Project/DompetJebol/lib/yii/web/auth/CAccessControlFilter.php:123
Stack trace:
#0 /home/ata/Project/DompetJebol/lib/yii/web/auth/CAccessControlFilter.php(104): CAccessControlFilter->accessDenied(Object(CWebUser))
#1 /home/ata/Project/DompetJebol/lib/yii/web/filters/CFilter.php(39): CAccessControlFilter->preFilter(Object(CFilterChain))
#2 /home/ata/Project/DompetJebol/lib/yii/web/CController.php(957): CFilter->filter(Object(CFilterChain))
#3 /home/ata/Project/DompetJebol/lib/yii/web/filters/CInlineFilter.php(59): CController->filterAccessControl(Object(CFilterChain))
#4 /home/ata/Project/DompetJebol/lib/yii/web/filters/CFilterChain.php(126): CInlineFilter->filter(Object(CFilterChain))
#5 /home/ata/Project/DompetJebol/lib/yii/web/CController.php(283): CFilterChain->run()
#6 /home/ata/Project/DompetJebol/lib/yii/web/CController.php(257): CController->runActionWithFilters(Object(CInlineAction), Array)
#7 /home/ata/Project/DompetJebol/lib/yii/web/CWebApplication.php(310): CController->run('registerSuccess')
#8 /home/ata/Project/DompetJebol/lib/yii/web/CWebApplication.php(120): CWebApplication->runController('user/registerSu...')
#9 /home/ata/Project/DompetJebol/lib/yii/base/CApplication.php(135): CWebApplication->processRequest()
#10 /home/ata/Project/DompetJebol/index.php(11): CApplication->run()
#11 {main} REQUEST_URI=/Project/DompetJebol/index.php?r=user/registerSuccess&id=1
2009/11/29 18:27:52 [error] [exception.CHttpException.404] exception 'CHttpException' with message 'The system is unable to find the requested action "register".' in /home/ata/Project/DompetJebol/lib/yii/web/CController.php:439
Stack trace:
#0 /home/ata/Project/DompetJebol/lib/yii/web/CController.php(262): CController->missingAction('register')
#1 /home/ata/Project/DompetJebol/lib/yii/web/CWebApplication.php(310): CController->run('register')
#2 /home/ata/Project/DompetJebol/lib/yii/web/CWebApplication.php(120): CWebApplication->runController('site/register')
#3 /home/ata/Project/DompetJebol/lib/yii/base/CApplication.php(135): CWebApplication->processRequest()
#4 /home/ata/Project/DompetJebol/index.php(11): CApplication->run()
#5 {main} REQUEST_URI=/Project/DompetJebol/index.php?r=site/register
2009/11/29 18:28:05 [error] [php] Undefined variable: contact (/home/ata/Project/DompetJebol/protected/views/user/register.php:34)
Stack trace:
#0 /home/ata/Project/DompetJebol/lib/yii/web/CController.php(706): UserController->renderFile()
#1 /home/ata/Project/DompetJebol/lib/yii/web/CController.php(645): UserController->renderPartial()
#2 /home/ata/Project/DompetJebol/protected/controllers/UserController.php(179): UserController->render()
#3 /home/ata/Project/DompetJebol/lib/yii/web/actions/CInlineAction.php(32): UserController->actionRegister()
#4 /home/ata/Project/DompetJebol/lib/yii/web/CController.php(300): CInlineAction->run()
#5 /home/ata/Project/DompetJebol/lib/yii/web/filters/CFilterChain.php(129): UserController->runAction()
#6 /home/ata/Project/DompetJebol/lib/yii/web/filters/CFilter.php(41): CFilterChain->run()
#7 /home/ata/Project/DompetJebol/lib/yii/web/CController.php(957): CAccessControlFilter->filter()
#8 /home/ata/Project/DompetJebol/lib/yii/web/filters/CInlineFilter.php(59): UserController->filterAccessControl()
#9 /home/ata/Project/DompetJebol/lib/yii/web/filters/CFilterChain.php(126): CInlineFilter->filter()
#10 /home/ata/Project/DompetJebol/lib/yii/web/CController.php(283): CFilterChain->run()
#11 /home/ata/Project/DompetJebol/lib/yii/web/CController.php(257): UserController->runActionWithFilters()
#12 /home/ata/Project/DompetJebol/lib/yii/web/CWebApplication.php(310): UserController->run()
#13 /home/ata/Project/DompetJebol/lib/yii/web/CWebApplication.php(120): CWebApplication->runController()
#14 /home/ata/Project/DompetJebol/lib/yii/base/CApplication.php(135): CWebApplication->processRequest()
#15 /home/ata/Project/DompetJebol/index.php(11): CWebApplication->run()
REQUEST_URI=/Project/DompetJebol/index.php?r=user/register
2009/11/29 18:28:47 [error] [exception.CHttpException.404] exception 'CHttpException' with message 'The system is unable to find the requested action "captcha".' in /home/ata/Project/DompetJebol/lib/yii/web/CController.php:439
Stack trace:
#0 /home/ata/Project/DompetJebol/lib/yii/web/CController.php(262): CController->missingAction('captcha')
#1 /home/ata/Project/DompetJebol/lib/yii/web/CWebApplication.php(310): CController->run('captcha')
#2 /home/ata/Project/DompetJebol/lib/yii/web/CWebApplication.php(120): CWebApplication->runController('user/captcha')
#3 /home/ata/Project/DompetJebol/lib/yii/base/CApplication.php(135): CWebApplication->processRequest()
#4 /home/ata/Project/DompetJebol/index.php(11): CApplication->run()
#5 {main} REQUEST_URI=/Project/DompetJebol/index.php?r=user/captcha
2009/11/29 18:28:50 [error] [exception.CHttpException.404] exception 'CHttpException' with message 'The system is unable to find the requested action "captcha".' in /home/ata/Project/DompetJebol/lib/yii/web/CController.php:439
Stack trace:
#0 /home/ata/Project/DompetJebol/lib/yii/web/CController.php(262): CController->missingAction('captcha')
#1 /home/ata/Project/DompetJebol/lib/yii/web/CWebApplication.php(310): CController->run('captcha')
#2 /home/ata/Project/DompetJebol/lib/yii/web/CWebApplication.php(120): CWebApplication->runController('user/captcha')
#3 /home/ata/Project/DompetJebol/lib/yii/base/CApplication.php(135): CWebApplication->processRequest()
#4 /home/ata/Project/DompetJebol/index.php(11): CApplication->run()
#5 {main} REQUEST_URI=/Project/DompetJebol/index.php?r=user/captcha&refresh=1&_=1259494130685
2009/11/29 18:30:23 [error] [exception.CException] exception 'CException' with message 'CCaptchaValidator.action "captcha" is invalid. Unable to find such an action in the current controller.' in /home/ata/Project/DompetJebol/lib/yii/validators/CCaptchaValidator.php:62
Stack trace:
#0 /home/ata/Project/DompetJebol/lib/yii/validators/CValidator.php(163): CCaptchaValidator->validateAttribute(Object(User), 'verificationCod...')
#1 /home/ata/Project/DompetJebol/lib/yii/base/CModel.php(187): CValidator->validate(Object(User), NULL)
#2 /home/ata/Project/DompetJebol/lib/yii/db/ar/CActiveRecord.php(1039): CModel->validate('insert', NULL)
#3 /home/ata/Project/DompetJebol/protected/controllers/UserController.php(175): CActiveRecord->save()
#4 /home/ata/Project/DompetJebol/lib/yii/web/actions/CInlineAction.php(32): UserController->actionRegister()
#5 /home/ata/Project/DompetJebol/lib/yii/web/CController.php(300): CInlineAction->run()
#6 /home/ata/Project/DompetJebol/lib/yii/web/filters/CFilterChain.php(129): CController->runAction(Object(CInlineAction))
#7 /home/ata/Project/DompetJebol/lib/yii/web/filters/CFilter.php(41): CFilterChain->run()
#8 /home/ata/Project/DompetJebol/lib/yii/web/CController.php(957): CFilter->filter(Object(CFilterChain))
#9 /home/ata/Project/DompetJebol/lib/yii/web/filters/CInlineFilter.php(59): CController->filterAccessControl(Object(CFilterChain))
#10 /home/ata/Project/DompetJebol/lib/yii/web/filters/CFilterChain.php(126): CInlineFilter->filter(Object(CFilterChain))
#11 /home/ata/Project/DompetJebol/lib/yii/web/CController.php(283): CFilterChain->run()
#12 /home/ata/Project/DompetJebol/lib/yii/web/CController.php(257): CController->runActionWithFilters(Object(CInlineAction), Array)
#13 /home/ata/Project/DompetJebol/lib/yii/web/CWebApplication.php(310): CController->run('register')
#14 /home/ata/Project/DompetJebol/lib/yii/web/CWebApplication.php(120): CWebApplication->runController('user/register')
#15 /home/ata/Project/DompetJebol/lib/yii/base/CApplication.php(135): CWebApplication->processRequest()
#16 /home/ata/Project/DompetJebol/index.php(11): CApplication->run()
#17 {main} REQUEST_URI=/Project/DompetJebol/index.php?r=user/register
2009/11/29 18:35:07 [error] [exception.CException] exception 'CException' with message 'Property "UserController.password" is not defined.' in /home/ata/Project/DompetJebol/lib/yii/base/CComponent.php:154
Stack trace:
#0 /home/ata/Project/DompetJebol/protected/controllers/UserController.php(195): CComponent->__set('password', '')
#1 /home/ata/Project/DompetJebol/lib/yii/web/actions/CInlineAction.php(32): UserController->actionRegister()
#2 /home/ata/Project/DompetJebol/lib/yii/web/CController.php(300): CInlineAction->run()
#3 /home/ata/Project/DompetJebol/lib/yii/web/filters/CFilterChain.php(129): CController->runAction(Object(CInlineAction))
#4 /home/ata/Project/DompetJebol/lib/yii/web/filters/CFilter.php(41): CFilterChain->run()
#5 /home/ata/Project/DompetJebol/lib/yii/web/CController.php(957): CFilter->filter(Object(CFilterChain))
#6 /home/ata/Project/DompetJebol/lib/yii/web/filters/CInlineFilter.php(59): CController->filterAccessControl(Object(CFilterChain))
#7 /home/ata/Project/DompetJebol/lib/yii/web/filters/CFilterChain.php(126): CInlineFilter->filter(Object(CFilterChain))
#8 /home/ata/Project/DompetJebol/lib/yii/web/CController.php(283): CFilterChain->run()
#9 /home/ata/Project/DompetJebol/lib/yii/web/CController.php(257): CController->runActionWithFilters(Object(CInlineAction), Array)
#10 /home/ata/Project/DompetJebol/lib/yii/web/CWebApplication.php(310): CController->run('register')
#11 /home/ata/Project/DompetJebol/lib/yii/web/CWebApplication.php(120): CWebApplication->runController('user/register')
#12 /home/ata/Project/DompetJebol/lib/yii/base/CApplication.php(135): CWebApplication->processRequest()
#13 /home/ata/Project/DompetJebol/index.php(11): CApplication->run()
#14 {main} REQUEST_URI=/Project/DompetJebol/index.php?r=user/register
2009/11/30 00:53:05 [error] [exception.CException] exception 'CException' with message 'Property "User.password_repeat" is not defined.' in /home/ata/Project/DompetJebol/lib/yii/base/CComponent.php:120
Stack trace:
#0 /home/ata/Project/DompetJebol/lib/yii/db/ar/CActiveRecord.php(434): CComponent->__get('password_repeat')
#1 /home/ata/Project/DompetJebol/lib/yii/validators/CCompareValidator.php(84): CActiveRecord->__get('password_repeat')
#2 /home/ata/Project/DompetJebol/lib/yii/validators/CValidator.php(163): CCompareValidator->validateAttribute(Object(User), 'password')
#3 /home/ata/Project/DompetJebol/lib/yii/base/CModel.php(187): CValidator->validate(Object(User), NULL)
#4 /home/ata/Project/DompetJebol/lib/yii/db/ar/CActiveRecord.php(1039): CModel->validate('insert', NULL)
#5 /home/ata/Project/DompetJebol/protected/controllers/UserController.php(189): CActiveRecord->save()
#6 /home/ata/Project/DompetJebol/lib/yii/web/actions/CInlineAction.php(32): UserController->actionRegister()
#7 /home/ata/Project/DompetJebol/lib/yii/web/CController.php(300): CInlineAction->run()
#8 /home/ata/Project/DompetJebol/lib/yii/web/CController.php(278): CController->runAction(Object(CInlineAction))
#9 /home/ata/Project/DompetJebol/lib/yii/web/CController.php(257): CController->runActionWithFilters(Object(CInlineAction), Array)
#10 /home/ata/Project/DompetJebol/lib/yii/web/CWebApplication.php(310): CController->run('register')
#11 /home/ata/Project/DompetJebol/lib/yii/web/CWebApplication.php(120): CWebApplication->runController('user/register')
#12 /home/ata/Project/DompetJebol/lib/yii/base/CApplication.php(135): CWebApplication->processRequest()
#13 /home/ata/Project/DompetJebol/index.php(11): CApplication->run()
#14 {main} REQUEST_URI=/Project/DompetJebol/index.php?r=user/register
2009/11/30 00:54:42 [error] [exception.CException] exception 'CException' with message 'Property "User.password_repeat" is not defined.' in /home/ata/Project/DompetJebol/lib/yii/base/CComponent.php:120
Stack trace:
#0 /home/ata/Project/DompetJebol/lib/yii/db/ar/CActiveRecord.php(434): CComponent->__get('password_repeat')
#1 /home/ata/Project/DompetJebol/lib/yii/validators/CCompareValidator.php(84): CActiveRecord->__get('password_repeat')
#2 /home/ata/Project/DompetJebol/lib/yii/validators/CValidator.php(163): CCompareValidator->validateAttribute(Object(User), 'password')
#3 /home/ata/Project/DompetJebol/lib/yii/base/CModel.php(187): CValidator->validate(Object(User), NULL)
#4 /home/ata/Project/DompetJebol/lib/yii/db/ar/CActiveRecord.php(1039): CModel->validate('insert', NULL)
#5 /home/ata/Project/DompetJebol/protected/controllers/UserController.php(189): CActiveRecord->save()
#6 /home/ata/Project/DompetJebol/lib/yii/web/actions/CInlineAction.php(32): UserController->actionRegister()
#7 /home/ata/Project/DompetJebol/lib/yii/web/CController.php(300): CInlineAction->run()
#8 /home/ata/Project/DompetJebol/lib/yii/web/CController.php(278): CController->runAction(Object(CInlineAction))
#9 /home/ata/Project/DompetJebol/lib/yii/web/CController.php(257): CController->runActionWithFilters(Object(CInlineAction), Array)
#10 /home/ata/Project/DompetJebol/lib/yii/web/CWebApplication.php(310): CController->run('register')
#11 /home/ata/Project/DompetJebol/lib/yii/web/CWebApplication.php(120): CWebApplication->runController('user/register')
#12 /home/ata/Project/DompetJebol/lib/yii/base/CApplication.php(135): CWebApplication->processRequest()
#13 /home/ata/Project/DompetJebol/index.php(11): CApplication->run()
#14 {main} REQUEST_URI=/Project/DompetJebol/index.php?r=user/register
2009/11/30 00:54:54 [error] [exception.CException] exception 'CException' with message 'Property "User.password_repeat" is not defined.' in /home/ata/Project/DompetJebol/lib/yii/base/CComponent.php:120
Stack trace:
#0 /home/ata/Project/DompetJebol/lib/yii/db/ar/CActiveRecord.php(434): CComponent->__get('password_repeat')
#1 /home/ata/Project/DompetJebol/lib/yii/validators/CCompareValidator.php(84): CActiveRecord->__get('password_repeat')
#2 /home/ata/Project/DompetJebol/lib/yii/validators/CValidator.php(163): CCompareValidator->validateAttribute(Object(User), 'password')
#3 /home/ata/Project/DompetJebol/lib/yii/base/CModel.php(187): CValidator->validate(Object(User), NULL)
#4 /home/ata/Project/DompetJebol/lib/yii/db/ar/CActiveRecord.php(1039): CModel->validate('insert', NULL)
#5 /home/ata/Project/DompetJebol/protected/controllers/UserController.php(189): CActiveRecord->save()
#6 /home/ata/Project/DompetJebol/lib/yii/web/actions/CInlineAction.php(32): UserController->actionRegister()
#7 /home/ata/Project/DompetJebol/lib/yii/web/CController.php(300): CInlineAction->run()
#8 /home/ata/Project/DompetJebol/lib/yii/web/CController.php(278): CController->runAction(Object(CInlineAction))
#9 /home/ata/Project/DompetJebol/lib/yii/web/CController.php(257): CController->runActionWithFilters(Object(CInlineAction), Array)
#10 /home/ata/Project/DompetJebol/lib/yii/web/CWebApplication.php(310): CController->run('register')
#11 /home/ata/Project/DompetJebol/lib/yii/web/CWebApplication.php(120): CWebApplication->runController('user/register')
#12 /home/ata/Project/DompetJebol/lib/yii/base/CApplication.php(135): CWebApplication->processRequest()
#13 /home/ata/Project/DompetJebol/index.php(11): CApplication->run()
#14 {main} REQUEST_URI=/Project/DompetJebol/index.php?r=user/register
2009/11/30 00:55:30 [error] [exception.CException] exception 'CException' with message 'Property "User.verificationPassword" is not defined.' in /home/ata/Project/DompetJebol/lib/yii/base/CComponent.php:120
Stack trace:
#0 /home/ata/Project/DompetJebol/lib/yii/db/ar/CActiveRecord.php(434): CComponent->__get('verificationPas...')
#1 /home/ata/Project/DompetJebol/lib/yii/web/helpers/CHtml.php(1607): CActiveRecord->__get('verificationPas...')
#2 /home/ata/Project/DompetJebol/lib/yii/web/helpers/CHtml.php(1116): CHtml::activeInputField('password', Object(User), 'verificationPas...', Array)
#3 /home/ata/Project/DompetJebol/protected/views/user/register.php(29): CHtml::activePasswordField(Object(User), 'verificationPas...', Array)
#4 /home/ata/Project/DompetJebol/lib/yii/web/CBaseController.php(119): require('/home/ata/Proje...')
#5 /home/ata/Project/DompetJebol/lib/yii/web/CBaseController.php(88): CBaseController->renderInternal('/home/ata/Proje...', Array, true)
#6 /home/ata/Project/DompetJebol/lib/yii/web/CController.php(706): CBaseController->renderFile('/home/ata/Proje...', Array, true)
#7 /home/ata/Project/DompetJebol/lib/yii/web/CController.php(645): CController->renderPartial('register', Array, true)
#8 /home/ata/Project/DompetJebol/protected/controllers/UserController.php(193): CController->render('register', Array)
#9 /home/ata/Project/DompetJebol/lib/yii/web/actions/CInlineAction.php(32): UserController->actionRegister()
#10 /home/ata/Project/DompetJebol/lib/yii/web/CController.php(300): CInlineAction->run()
#11 /home/ata/Project/DompetJebol/lib/yii/web/CController.php(278): CController->runAction(Object(CInlineAction))
#12 /home/ata/Project/DompetJebol/lib/yii/web/CController.php(257): CController->runActionWithFilters(Object(CInlineAction), Array)
#13 /home/ata/Project/DompetJebol/lib/yii/web/CWebApplication.php(310): CController->run('register')
#14 /home/ata/Project/DompetJebol/lib/yii/web/CWebApplication.php(120): CWebApplication->runController('user/register')
#15 /home/ata/Project/DompetJebol/lib/yii/base/CApplication.php(135): CWebApplication->processRequest()
#16 /home/ata/Project/DompetJebol/index.php(11): CApplication->run()
#17 {main} REQUEST_URI=/Project/DompetJebol/index.php?r=user/register
2009/11/30 00:55:32 [error] [exception.CException] exception 'CException' with message 'Property "User.verificationPassword" is not defined.' in /home/ata/Project/DompetJebol/lib/yii/base/CComponent.php:120
Stack trace:
#0 /home/ata/Project/DompetJebol/lib/yii/db/ar/CActiveRecord.php(434): CComponent->__get('verificationPas...')
#1 /home/ata/Project/DompetJebol/lib/yii/web/helpers/CHtml.php(1607): CActiveRecord->__get('verificationPas...')
#2 /home/ata/Project/DompetJebol/lib/yii/web/helpers/CHtml.php(1116): CHtml::activeInputField('password', Object(User), 'verificationPas...', Array)
#3 /home/ata/Project/DompetJebol/protected/views/user/register.php(29): CHtml::activePasswordField(Object(User), 'verificationPas...', Array)
#4 /home/ata/Project/DompetJebol/lib/yii/web/CBaseController.php(119): require('/home/ata/Proje...')
#5 /home/ata/Project/DompetJebol/lib/yii/web/CBaseController.php(88): CBaseController->renderInternal('/home/ata/Proje...', Array, true)
#6 /home/ata/Project/DompetJebol/lib/yii/web/CController.php(706): CBaseController->renderFile('/home/ata/Proje...', Array, true)
#7 /home/ata/Project/DompetJebol/lib/yii/web/CController.php(645): CController->renderPartial('register', Array, true)
#8 /home/ata/Project/DompetJebol/protected/controllers/UserController.php(193): CController->render('register', Array)
#9 /home/ata/Project/DompetJebol/lib/yii/web/actions/CInlineAction.php(32): UserController->actionRegister()
#10 /home/ata/Project/DompetJebol/lib/yii/web/CController.php(300): CInlineAction->run()
#11 /home/ata/Project/DompetJebol/lib/yii/web/CController.php(278): CController->runAction(Object(CInlineAction))
#12 /home/ata/Project/DompetJebol/lib/yii/web/CController.php(257): CController->runActionWithFilters(Object(CInlineAction), Array)
#13 /home/ata/Project/DompetJebol/lib/yii/web/CWebApplication.php(310): CController->run('register')
#14 /home/ata/Project/DompetJebol/lib/yii/web/CWebApplication.php(120): CWebApplication->runController('user/register')
#15 /home/ata/Project/DompetJebol/lib/yii/base/CApplication.php(135): CWebApplication->processRequest()
#16 /home/ata/Project/DompetJebol/index.php(11): CApplication->run()
#17 {main} REQUEST_URI=/Project/DompetJebol/index.php?r=user/register
2009/11/30 00:56:56 [error] [exception.CException] exception 'CException' with message 'Property "User.password_repeat" is not defined.' in /home/ata/Project/DompetJebol/lib/yii/base/CComponent.php:120
Stack trace:
#0 /home/ata/Project/DompetJebol/lib/yii/db/ar/CActiveRecord.php(434): CComponent->__get('password_repeat')
#1 /home/ata/Project/DompetJebol/lib/yii/validators/CCompareValidator.php(84): CActiveRecord->__get('password_repeat')
#2 /home/ata/Project/DompetJebol/lib/yii/validators/CValidator.php(163): CCompareValidator->validateAttribute(Object(User), 'password')
#3 /home/ata/Project/DompetJebol/lib/yii/base/CModel.php(187): CValidator->validate(Object(User), NULL)
#4 /home/ata/Project/DompetJebol/lib/yii/db/ar/CActiveRecord.php(1039): CModel->validate('insert', NULL)
#5 /home/ata/Project/DompetJebol/protected/controllers/UserController.php(189): CActiveRecord->save()
#6 /home/ata/Project/DompetJebol/lib/yii/web/actions/CInlineAction.php(32): UserController->actionRegister()
#7 /home/ata/Project/DompetJebol/lib/yii/web/CController.php(300): CInlineAction->run()
#8 /home/ata/Project/DompetJebol/lib/yii/web/CController.php(278): CController->runAction(Object(CInlineAction))
#9 /home/ata/Project/DompetJebol/lib/yii/web/CController.php(257): CController->runActionWithFilters(Object(CInlineAction), Array)
#10 /home/ata/Project/DompetJebol/lib/yii/web/CWebApplication.php(310): CController->run('register')
#11 /home/ata/Project/DompetJebol/lib/yii/web/CWebApplication.php(120): CWebApplication->runController('user/register')
#12 /home/ata/Project/DompetJebol/lib/yii/base/CApplication.php(135): CWebApplication->processRequest()
#13 /home/ata/Project/DompetJebol/index.php(11): CApplication->run()
#14 {main} REQUEST_URI=/Project/DompetJebol/index.php?r=user/register
